[I 2026-05-12 23:30:26,394] Trial 49 finished with value: 0.5229060794278185 and parameters: {'learning_rate': 0.07701155125972238, 'num_leaves': 89, 'max_depth': 3, 'min_child_samples': 54, 'subsample': 0.6566145909825323, 'colsample_bytree': 0.6355604441999513, 'reg_alpha': 4.686184351395533, 'reg_lambda': 6.075038581012268, 'n_estimators': 239}. Best is trial 6 with value: 0.5529769747161051.

[Tuning Complete]
  Best CV Recall: 0.5530
  Best Parameters:
    learning_rate: 0.0764136186923332
    num_leaves: 94
    max_depth: 4
    min_child_samples: 27
    subsample: 0.6180909155642152
    colsample_bytree: 0.7301321323053057
    reg_alpha: 3.8867728968948203
    reg_lambda: 2.713490317738959
    n_estimators: 432

[Results Saved] C:\dev\미니 프로젝트3\artifacts\member_b_strategy_3_optimized_tuning_results.json

[Testing with best parameters]
  Test Recall: 0.5148
  Test F1: 0.6078
  Test F1-macro: 0.7882
