[I 2026-05-12 23:29:08,793] Trial 20 finished with value: 0.5482276177928351 and parameters: {'learning_rate': 0.13343382926102065, 'num_leaves': 61, 'max_depth': 5, 'min_child_samples': 76, 'subsample': 0.9712411472931488, 'colsample_bytree': 0.7063337411152938, 'reg_alpha': 5.14171286807901, 'reg_lambda': 6.5724156638757725, 'n_estimators': 498}. Best is trial 6 with value: 0.5529769747161051.Best trial: 6. Best value: 0.552977:  40%|####      | 20/50 [01:13<01:40,  3.36s/it]Best trial: 6. Best value: 0.552977:  40%|####      | 20/50 [01:13<01:40,  3.36s/it]Best trial: 6. Best value: 0.552977:  42%|####2     | 21/50 [01:13<01:28,  3.07s/it]                                                                                    Best trial: 6. Best value: 0.552977:  42%|####2     | 21/50 [01:15<01:28,  3.07s/it]Best trial: 6. Best value: 0.552977:  42%|####2     | 21/50 [01:15<01:28,  3.07s/it]Best trial: 6. Best value: 0.552977:  44%|####4     | 22/50 [01:15<01:18,  2.81s/it]                                                                                    Best trial: 6. Best value: 0.552977:  44%|####4     | 22/50 [01:17<01:18,  2.81s/it]Best trial: 6. Best value: 0.552977:  44%|####4     | 22/50 [01:17<01:18,  2.81s/it]Best trial: 6. Best value: 0.552977:  46%|####6     | 23/50 [01:17<01:08,  2.52s/it]                                                                                    Best trial: 6. Best value: 0.552977:  46%|####6     | 23/50 [01:19<01:08,  2.52s/it]Best trial: 6. Best value: 0.552977:  46%|####6     | 23/50 [01:19<01:08,  2.52s/it]Best trial: 6. Best value: 0.552977:  48%|####8     | 24/50 [01:19<01:03,  2.45s/it]                                                                                    Best trial: 6. Best value: 0.552977:  48%|####8     | 24/50 [01:22<01:03,  2.45s/it]Best trial: 6. Best value: 0.552977:  48%|####8     | 24/50 [01:22<01:03,  2.45s/it]Best trial: 6. Best value: 0.552977:  50%|#####     | 25/50 [01:22<01:07,  2.71s/it]                                                                                    Best trial: 6. Best value: 0.552977:  50%|#####     | 25/50 [01:25<01:07,  2.71s/it]Best trial: 6. Best value: 0.552977:  50%|#####     | 25/50 [01:25<01:07,  2.71s/it]Best trial: 6. Best value: 0.552977:  52%|#####2    | 26/50 [01:25<01:05,  2.72s/it]                                                                                    Best trial: 6. Best value: 0.552977:  52%|#####2    | 26/50 [01:27<01:05,  2.72s/it]Best trial: 6. Best value: 0.552977:  52%|#####2    | 26/50 [01:27<01:05,  2.72s/it]Best trial: 6. Best value: 0.552977:  54%|#####4    | 27/50 [01:27<00:55,  2.41s/it]                                                                                    Best trial: 6. Best value: 0.552977:  54%|#####4    | 27/50 [01:28<00:55,  2.41s/it]Best trial: 6. Best value: 0.552977:  54%|#####4    | 27/50 [01:28<00:55,  2.41s/it]Best trial: 6. Best value: 0.552977:  56%|#####6    | 28/50 [01:28<00:48,  2.23s/it]                                                                                    Best trial: 6. Best value: 0.552977:  56%|#####6    | 28/50 [01:30<00:48,  2.23s/it]Best trial: 6. Best value: 0.552977:  56%|#####6    | 28/50 [01:30<00:48,  2.23s/it]Best trial: 6. Best value: 0.552977:  58%|#####8    | 29/50 [01:30<00:40,  1.94s/it]                                                                                    Best trial: 6. Best value: 0.552977:  58%|#####8    | 29/50 [01:32<00:40,  1.94s/it]Best trial: 6. Best value: 0.552977:  58%|#####8    | 29/50 [01:32<00:40,  1.94s/it]Best trial: 6. Best value: 0.552977:  60%|######    | 30/50 [01:32<00:38,  1.94s/it]                                                                                    Best trial: 6. Best value: 0.552977:  60%|######    | 30/50 [01:34<00:38,  1.94s/it]Best trial: 6. Best value: 0.552977:  60%|######    | 30/50 [01:34<00:38,  1.94s/it]Best trial: 6. Best value: 0.552977:  62%|######2   | 31/50 [01:34<00:38,  2.05s/it]                                                                                    Best trial: 6. Best value: 0.552977:  62%|######2   | 31/50 [01:36<00:38,  2.05s/it]Best trial: 6. Best value: 0.552977:  62%|######2   | 31/50 [01:36<00:38,  2.05s/it]Best trial: 6. Best value: 0.552977:  64%|######4   | 32/50 [01:36<00:39,  2.18s/it]                                                                                    Best trial: 6. Best value: 0.552977:  64%|######4   | 32/50 [01:40<00:39,  2.18s/it]Best trial: 6. Best value: 0.552977:  64%|######4   | 32/50 [01:40<00:39,  2.18s/it]Best trial: 6. Best value: 0.552977:  66%|######6   | 33/50 [01:40<00:42,  2.52s/it]                                                                                    Best trial: 6. Best value: 0.552977:  66%|######6   | 33/50 [01:42<00:42,  2.52s/it]Best trial: 6. Best value: 0.552977:  66%|######6   | 33/50 [01:42<00:42,  2.52s/it]Best trial: 6. Best value: 0.552977:  68%|######8   | 34/50 [01:42<00:38,  2.39s/it]                                                                                    Best trial: 6. Best value: 0.552977:  68%|######8   | 34/50 [01:43<00:38,  2.39s/it]Best trial: 6. Best value: 0.552977:  68%|######8   | 34/50 [01:43<00:38,  2.39s/it]Best trial: 6. Best value: 0.552977:  70%|#######   | 35/50 [01:43<00:29,  2.00s/it]                                                                                    Best trial: 6. Best value: 0.552977:  70%|#######   | 35/50 [01:46<00:29,  2.00s/it]Best trial: 6. Best value: 0.552977:  70%|#######   | 35/50 [01:46<00:29,  2.00s/it]Best trial: 6. Best value: 0.552977:  72%|#######2  | 36/50 [01:46<00:31,  2.25s/it]                                                                                    Best trial: 6. Best value: 0.552977:  72%|#######2  | 36/50 [01:48<00:31,  2.25s/it]Best trial: 6. Best value: 0.552977:  72%|#######2  | 36/50 [01:48<00:31,  2.25s/it]Best trial: 6. Best value: 0.552977:  74%|#######4  | 37/50 [01:48<00:29,  2.26s/it]                                                                                    Best trial: 6. Best value: 0.552977:  74%|#######4  | 37/50 [01:49<00:29,  2.26s/it]Best trial: 6. Best value: 0.552977:  74%|#######4  | 37/50 [01:49<00:29,  2.26s/it]Best trial: 6. Best value: 0.552977:  76%|#######6  | 38/50 [01:49<00:23,  1.92s/it]                                                                                    Best trial: 6. Best value: 0.552977:  76%|#######6  | 38/50 [01:54<00:23,  1.92s/it]Best trial: 6. Best value: 0.552977:  76%|#######6  | 38/50 [01:54<00:23,  1.92s/it]Best trial: 6. Best value: 0.552977:  78%|#######8  | 39/50 [01:54<00:31,  2.84s/it]                                                                                    Best trial: 6. Best value: 0.552977:  78%|#######8  | 39/50 [01:58<00:31,  2.84s/it]Best trial: 6. Best value: 0.552977:  78%|#######8  | 39/50 [01:58<00:31,  2.84s/it]Best trial: 6. Best value: 0.552977:  80%|########  | 40/50 [01:58<00:30,  3.10s/it]                                                                                    Best trial: 6. Best value: 0.552977:  80%|########  | 40/50 [02:02<00:30,  3.10s/it]Best trial: 6. Best value: 0.552977:  80%|########  | 40/50 [02:02<00:30,  3.10s/it]Best trial: 6. Best value: 0.552977:  82%|########2 | 41/50 [02:02<00:30,  3.35s/it]                                                                                    
[I 2026-05-12 23:29:11,018] Trial 21 finished with value: 0.5426814731162557 and parameters: {'learning_rate': 0.13147429041214287, 'num_leaves': 61, 'max_depth': 5, 'min_child_samples': 86, 'subsample': 0.9893716564113967, 'colsample_bytree': 0.7011613659505473, 'reg_alpha': 5.172881815903392, 'reg_lambda': 6.6877191990002585, 'n_estimators': 497}. Best is trial 6 with value: 0.5529769747161051.
[I 2026-05-12 23:29:12,851] Trial 22 finished with value: 0.5482276177928351 and parameters: {'learning_rate': 0.1794232771241238, 'num_leaves': 56, 'max_depth': 4, 'min_child_samples': 75, 'subsample': 0.9819856814030353, 'colsample_bytree': 0.7556360050299038, 'reg_alpha': 3.854514098897404, 'reg_lambda': 2.4053198967296083, 'n_estimators': 465}. Best is trial 6 with value: 0.5529769747161051.
[I 2026-05-12 23:29:15,129] Trial 23 finished with value: 0.5498023715415019 and parameters: {'learning_rate': 0.11883834866827832, 'num_leaves': 92, 'max_depth': 6, 'min_child_samples': 100, 'subsample': 0.9466338697710561, 'colsample_bytree': 0.6564627996655162, 'reg_alpha': 6.083506866913925, 'reg_lambda': 6.829224683636604, 'n_estimators': 344}. Best is trial 6 with value: 0.5529769747161051.
[I 2026-05-12 23:29:18,439] Trial 24 finished with value: 0.5395288286592634 and parameters: {'learning_rate': 0.04817133183574747, 'num_leaves': 91, 'max_depth': 7, 'min_child_samples': 100, 'subsample': 0.7717961229283824, 'colsample_bytree': 0.6546736703791773, 'reg_alpha': 7.81758376238426, 'reg_lambda': 4.2820501411665495, 'n_estimators': 328}. Best is trial 6 with value: 0.5529769747161051.
[I 2026-05-12 23:29:21,190] Trial 25 finished with value: 0.5410941715289541 and parameters: {'learning_rate': 0.07524940477661123, 'num_leaves': 92, 'max_depth': 6, 'min_child_samples': 90, 'subsample': 0.9398770580467641, 'colsample_bytree': 0.600587183497, 'reg_alpha': 5.825199490676468, 'reg_lambda': 1.6319525036259241, 'n_estimators': 257}. Best is trial 6 with value: 0.5529769747161051.
[I 2026-05-12 23:29:22,865] Trial 26 finished with value: 0.5466497270845097 and parameters: {'learning_rate': 0.10146045404004257, 'num_leaves': 81, 'max_depth': 4, 'min_child_samples': 53, 'subsample': 0.6369286271756165, 'colsample_bytree': 0.7796165799193284, 'reg_alpha': 6.639923298919295, 'reg_lambda': 3.2606893134734047, 'n_estimators': 356}. Best is trial 6 with value: 0.5529769747161051.
[I 2026-05-12 23:29:24,674] Trial 27 finished with value: 0.5371416023589937 and parameters: {'learning_rate': 0.234210364432964, 'num_leaves': 70, 'max_depth': 6, 'min_child_samples': 83, 'subsample': 0.6928989076797127, 'colsample_bytree': 0.7268544267452047, 'reg_alpha': 3.0252474269284213, 'reg_lambda': 0.06914402032805, 'n_estimators': 388}. Best is trial 6 with value: 0.5529769747161051.
[I 2026-05-12 23:29:25,936] Trial 28 finished with value: 0.5221061547148504 and parameters: {'learning_rate': 0.0613634671767503, 'num_leaves': 94, 'max_depth': 3, 'min_child_samples': 94, 'subsample': 0.817316802507135, 'colsample_bytree': 0.6821029247037025, 'reg_alpha': 4.46621054388015, 'reg_lambda': 6.417888428351861, 'n_estimators': 318}. Best is trial 6 with value: 0.5529769747161051.
[I 2026-05-12 23:29:27,877] Trial 29 finished with value: 0.5403130685739381 and parameters: {'learning_rate': 0.14691311830986897, 'num_leaves': 100, 'max_depth': 8, 'min_child_samples': 66, 'subsample': 0.6350629235681031, 'colsample_bytree': 0.6520213984284726, 'reg_alpha': 8.293477133759113, 'reg_lambda': 7.549840918750789, 'n_estimators': 341}. Best is trial 6 with value: 0.5529769747161051.
[I 2026-05-12 23:29:30,182] Trial 30 finished with value: 0.5411004454482715 and parameters: {'learning_rate': 0.1099614923208526, 'num_leaves': 78, 'max_depth': 4, 'min_child_samples': 69, 'subsample': 0.7534546845431556, 'colsample_bytree': 0.6072412837327861, 'reg_alpha': 1.2310934175206762, 'reg_lambda': 4.881166611916974, 'n_estimators': 416}. Best is trial 6 with value: 0.5529769747161051.
[I 2026-05-12 23:29:32,661] Trial 31 finished with value: 0.5442781855825334 and parameters: {'learning_rate': 0.1333565884270503, 'num_leaves': 87, 'max_depth': 5, 'min_child_samples': 81, 'subsample': 0.970027346548521, 'colsample_bytree': 0.7129417698641047, 'reg_alpha': 4.870120995835251, 'reg_lambda': 6.214742337504003, 'n_estimators': 441}. Best is trial 6 with value: 0.5529769747161051.
[I 2026-05-12 23:29:35,975] Trial 32 finished with value: 0.5442562268649225 and parameters: {'learning_rate': 0.09212981273828892, 'num_leaves': 35, 'max_depth': 6, 'min_child_samples': 91, 'subsample': 0.9572142820021114, 'colsample_bytree': 0.6876417350588805, 'reg_alpha': 5.4861976549633855, 'reg_lambda': 7.134138716690808, 'n_estimators': 487}. Best is trial 6 with value: 0.5529769747161051.
[I 2026-05-12 23:29:38,054] Trial 33 finished with value: 0.5458498023715416 and parameters: {'learning_rate': 0.11717672476937588, 'num_leaves': 53, 'max_depth': 5, 'min_child_samples': 60, 'subsample': 0.8874613463666541, 'colsample_bytree': 0.6611954103812898, 'reg_alpha': 6.840558459054065, 'reg_lambda': 8.155030688106148, 'n_estimators': 464}. Best is trial 6 with value: 0.5529769747161051.
[I 2026-05-12 23:29:39,136] Trial 34 finished with value: 0.5403256164125729 and parameters: {'learning_rate': 0.20005971588904162, 'num_leaves': 95, 'max_depth': 3, 'min_child_samples': 98, 'subsample': 0.9302391156761776, 'colsample_bytree': 0.7470943462104658, 'reg_alpha': 4.005351415738668, 'reg_lambda': 3.5253705983479504, 'n_estimators': 269}. Best is trial 6 with value: 0.5529769747161051.
[I 2026-05-12 23:29:41,987] Trial 35 finished with value: 0.5403130685739381 and parameters: {'learning_rate': 0.06834735590534913, 'num_leaves': 66, 'max_depth': 8, 'min_child_samples': 88, 'subsample': 0.8577437796431019, 'colsample_bytree': 0.650909387433817, 'reg_alpha': 5.787960263095935, 'reg_lambda': 6.991104776393422, 'n_estimators': 210}. Best is trial 6 with value: 0.5529769747161051.
[I 2026-05-12 23:29:44,256] Trial 36 finished with value: 0.5434688499905891 and parameters: {'learning_rate': 0.15256659392498534, 'num_leaves': 85, 'max_depth': 13, 'min_child_samples': 80, 'subsample': 0.7062834853017577, 'colsample_bytree': 0.6948958316660703, 'reg_alpha': 5.121205720072605, 'reg_lambda': 2.333205314777197, 'n_estimators': 427}. Best is trial 6 with value: 0.5529769747161051.
[I 2026-05-12 23:29:45,391] Trial 37 finished with value: 0.49444758140410316 and parameters: {'learning_rate': 0.04218930135516395, 'num_leaves': 20, 'max_depth': 4, 'min_child_samples': 70, 'subsample': 0.9969556991192031, 'colsample_bytree': 0.7683526734175777, 'reg_alpha': 4.691550321834365, 'reg_lambda': 8.43640934148754, 'n_estimators': 162}. Best is trial 6 with value: 0.5529769747161051.
[I 2026-05-12 23:29:50,372] Trial 38 finished with value: 0.5347700608570174 and parameters: {'learning_rate': 0.09143262392323082, 'num_leaves': 64, 'max_depth': 9, 'min_child_samples': 48, 'subsample': 0.6601107592685009, 'colsample_bytree': 0.7277920384427395, 'reg_alpha': 3.421780205502607, 'reg_lambda': 5.6404134160297845, 'n_estimators': 394}. Best is trial 6 with value: 0.5529769747161051.
[I 2026-05-12 23:29:54,079] Trial 39 finished with value: 0.5497992345818433 and parameters: {'learning_rate': 0.05399666332476845, 'num_leaves': 35, 'max_depth': 7, 'min_child_samples': 59, 'subsample': 0.9567316784692582, 'colsample_bytree': 0.7965936011614052, 'reg_alpha': 4.164020101240789, 'reg_lambda': 4.6760867576065275, 'n_estimators': 306}. Best is trial 6 with value: 0.5529769747161051.
[I 2026-05-12 23:29:58,004] Trial 40 finished with value: 0.5394974590626764 and parameters: {'learning_rate': 0.0239915961783479, 'num_leaves': 34, 'max_depth': 7, 'min_child_samples': 24, 'subsample': 0.8951249727002343, 'colsample_bytree': 0.8268576274925726, 'reg_alpha': 0.01450011792753525, 'reg_lambda': 2.6930286031927952, 'n_estimators': 299}. Best is trial 6 with value: 0.5529769747161051.
[I 2026-05-12 23:30:01,797] Trial 41 finished with value: 0.5474245561202082 and parameters: {'learning_rate': 0.05858701717404125, 'num_leaves': 27, 'max_depth': 6, 'min_child_samples': 38, 'subsample': 0.9483563894765132, 'colsample_bytree': 0.6718721676278685, 'reg_alpha': 3.037654979224853, 'reg_lambda': 4.602102760630705, 'n_estimators': 359}. Best is trial 6 with value: 0.5529769747161051.Best trial: 6. Best value: 0.552977:  82%|########2 | 41/50 [02:06<00:30,  3.35s/it]Best trial: 6. Best value: 0.552977:  82%|########2 | 41/50 [02:06<00:30,  3.35s/it]Best trial: 6. Best value: 0.552977:  84%|########4 | 42/50 [02:06<00:27,  3.48s/it]                                                                                    Best trial: 6. Best value: 0.552977:  84%|########4 | 42/50 [02:08<00:27,  3.48s/it]Best trial: 6. Best value: 0.552977:  84%|########4 | 42/50 [02:08<00:27,  3.48s/it]Best trial: 6. Best value: 0.552977:  86%|########6 | 43/50 [02:08<00:21,  3.03s/it]                                                                                    Best trial: 6. Best value: 0.552977:  86%|########6 | 43/50 [02:12<00:21,  3.03s/it]Best trial: 6. Best value: 0.552977:  86%|########6 | 43/50 [02:12<00:21,  3.03s/it]Best trial: 6. Best value: 0.552977:  88%|########8 | 44/50 [02:12<00:20,  3.39s/it]                                                                                    Best trial: 6. Best value: 0.552977:  88%|########8 | 44/50 [02:15<00:20,  3.39s/it]Best trial: 6. Best value: 0.552977:  88%|########8 | 44/50 [02:15<00:20,  3.39s/it]Best trial: 6. Best value: 0.552977:  90%|######### | 45/50 [02:15<00:16,  3.24s/it]                                                                                    Best trial: 6. Best value: 0.552977:  90%|######### | 45/50 [02:19<00:16,  3.24s/it]Best trial: 6. Best value: 0.552977:  90%|######### | 45/50 [02:19<00:16,  3.24s/it]Best trial: 6. Best value: 0.552977:  92%|#########2| 46/50 [02:19<00:13,  3.42s/it]                                                                                    Best trial: 6. Best value: 0.552977:  92%|#########2| 46/50 [02:22<00:13,  3.42s/it]Best trial: 6. Best value: 0.552977:  92%|#########2| 46/50 [02:22<00:13,  3.42s/it]Best trial: 6. Best value: 0.552977:  94%|#########3| 47/50 [02:22<00:10,  3.36s/it]                                                                                    Best trial: 6. Best value: 0.552977:  94%|#########3| 47/50 [02:25<00:10,  3.36s/it]Best trial: 6. Best value: 0.552977:  94%|#########3| 47/50 [02:25<00:10,  3.36s/it]Best trial: 6. Best value: 0.552977:  96%|#########6| 48/50 [02:25<00:06,  3.40s/it]                                                                                    Best trial: 6. Best value: 0.552977:  96%|#########6| 48/50 [02:29<00:06,  3.40s/it]Best trial: 6. Best value: 0.552977:  96%|#########6| 48/50 [02:29<00:06,  3.40s/it]Best trial: 6. Best value: 0.552977:  98%|#########8| 49/50 [02:29<00:03,  3.53s/it]                                                                                    Best trial: 6. Best value: 0.552977:  98%|#########8| 49/50 [02:30<00:03,  3.53s/it]Best trial: 6. Best value: 0.552977:  98%|#########8| 49/50 [02:30<00:03,  3.53s/it]Best trial: 6. Best value: 0.552977: 100%|##########| 50/50 [02:30<00:00,  2.80s/it]Best trial: 6. Best value: 0.552977: 100%|##########| 50/50 [02:30<00:00,  3.01s/it]

[I 2026-05-12 23:30:03,785] Trial 42 finished with value: 0.5323953823953824 and parameters: {'learning_rate': 0.04168975820172038, 'num_leaves': 49, 'max_depth': 5, 'min_child_samples': 59, 'subsample': 0.9131802071122187, 'colsample_bytree': 0.9890276527526672, 'reg_alpha': 4.346878751030245, 'reg_lambda': 3.7850764417796148, 'n_estimators': 229}. Best is trial 6 with value: 0.5529769747161051.
[I 2026-05-12 23:30:08,009] Trial 43 finished with value: 0.5363479515653429 and parameters: {'learning_rate': 0.08564718921836138, 'num_leaves': 37, 'max_depth': 10, 'min_child_samples': 95, 'subsample': 0.6313376495084189, 'colsample_bytree': 0.7970142982686276, 'reg_alpha': 1.994583476686958, 'reg_lambda': 5.374405828073739, 'n_estimators': 310}. Best is trial 6 with value: 0.5529769747161051.
[I 2026-05-12 23:30:10,898] Trial 44 finished with value: 0.5497960976221845 and parameters: {'learning_rate': 0.11160741082324334, 'num_leaves': 28, 'max_depth': 7, 'min_child_samples': 55, 'subsample': 0.9646177220350249, 'colsample_bytree': 0.9043496910943702, 'reg_alpha': 3.9557437271510136, 'reg_lambda': 7.362506042898428, 'n_estimators': 339}. Best is trial 6 with value: 0.5529769747161051.
[I 2026-05-12 23:30:14,752] Trial 45 finished with value: 0.5482307547524938 and parameters: {'learning_rate': 0.049308905404057704, 'num_leaves': 26, 'max_depth': 9, 'min_child_samples': 17, 'subsample': 0.954229295542175, 'colsample_bytree': 0.9570649678811249, 'reg_alpha': 3.764938404581563, 'reg_lambda': 1.6778950266694044, 'n_estimators': 338}. Best is trial 6 with value: 0.5529769747161051.
[I 2026-05-12 23:30:17,963] Trial 46 finished with value: 0.5403130685739381 and parameters: {'learning_rate': 0.03597846205656332, 'num_leaves': 30, 'max_depth': 7, 'min_child_samples': 32, 'subsample': 0.6808133325877674, 'colsample_bytree': 0.8798919292290385, 'reg_alpha': 3.0457929582267296, 'reg_lambda': 9.232470371148384, 'n_estimators': 282}. Best is trial 6 with value: 0.5529769747161051.
[I 2026-05-12 23:30:21,440] Trial 47 finished with value: 0.5442593638245812 and parameters: {'learning_rate': 0.111360023535196, 'num_leaves': 42, 'max_depth': 8, 'min_child_samples': 45, 'subsample': 0.9256305681290607, 'colsample_bytree': 0.9320545154432176, 'reg_alpha': 4.137198954765748, 'reg_lambda': 7.849076169576427, 'n_estimators': 373}. Best is trial 6 with value: 0.5529769747161051.
[I 2026-05-12 23:30:25,294] Trial 48 finished with value: 0.5395131438609699 and parameters: {'learning_rate': 0.06967071231120923, 'num_leaves': 40, 'max_depth': 6, 'min_child_samples': 14, 'subsample': 0.8677023550050847, 'colsample_bytree': 0.865716422817075, 'reg_alpha': 2.6765018118952435, 'reg_lambda': 2.8512103188049003, 'n_estimators': 302}. Best is trial 6 with value: 0.5529769747161051.
