[I 2026-05-13 09:33:36,428] Trial 84 finished with value: 0.5292270531400967 and parameters: {'learning_rate': 0.059179363864489146, 'num_leaves': 33, 'max_depth': 5, 'min_child_samples': 97, 'subsample': 0.9883071534941972, 'colsample_bytree': 0.7331100110551653, 'reg_alpha': 5.318479263092115, 'reg_lambda': 7.895623350914234, 'n_estimators': 183}. Best is trial 6 with value: 0.5529769747161051.
[I 2026-05-13 09:33:39,096] Trial 85 finished with value: 0.5545485915051133 and parameters: {'learning_rate': 0.10592784938208336, 'num_leaves': 25, 'max_depth': 7, 'min_child_samples': 78, 'subsample': 0.9680481530757244, 'colsample_bytree': 0.9009786130427603, 'reg_alpha': 5.080274932399273, 'reg_lambda': 7.151531490234143, 'n_estimators': 447}. Best is trial 85 with value: 0.5545485915051133.
[I 2026-05-13 09:33:41,039] Trial 86 finished with value: 0.538732040905954 and parameters: {'learning_rate': 0.1059152482002525, 'num_leaves': 86, 'max_depth': 7, 'min_child_samples': 77, 'subsample': 0.9663224444534813, 'colsample_bytree': 0.8855577542926516, 'reg_alpha': 9.047205523306324, 'reg_lambda': 7.022631229924394, 'n_estimators': 472}. Best is trial 85 with value: 0.5545485915051133.
[I 2026-05-13 09:33:44,321] Trial 87 finished with value: 0.5434719869502478 and parameters: {'learning_rate': 0.08626740950190567, 'num_leaves': 99, 'max_depth': 7, 'min_child_samples': 74, 'subsample': 0.9341225483734791, 'colsample_bytree': 0.9077932605343404, 'reg_alpha': 5.02977549380648, 'reg_lambda': 5.567040016391772, 'n_estimators': 450}. Best is trial 85 with value: 0.5545485915051133.
[I 2026-05-13 09:33:45,995] Trial 88 finished with value: 0.5419066440805571 and parameters: {'learning_rate': 0.13950556241669035, 'num_leaves': 94, 'max_depth': 5, 'min_child_samples': 79, 'subsample': 0.9709358461521642, 'colsample_bytree': 0.6480951600213752, 'reg_alpha': 6.885614993608228, 'reg_lambda': 6.204398970528589, 'n_estimators': 437}. Best is trial 85 with value: 0.5545485915051133.
[I 2026-05-13 09:33:48,456] Trial 89 finished with value: 0.5442687747035573 and parameters: {'learning_rate': 0.12688299140438267, 'num_leaves': 28, 'max_depth': 6, 'min_child_samples': 92, 'subsample': 0.9269370009358756, 'colsample_bytree': 0.8706499541628027, 'reg_alpha': 4.769844172402536, 'reg_lambda': 7.223178867905982, 'n_estimators': 419}. Best is trial 85 with value: 0.5545485915051133.
[I 2026-05-13 09:33:50,867] Trial 90 finished with value: 0.5474120082815734 and parameters: {'learning_rate': 0.11295559289874542, 'num_leaves': 77, 'max_depth': 8, 'min_child_samples': 82, 'subsample': 0.6700186310170397, 'colsample_bytree': 0.8192001076024206, 'reg_alpha': 5.851687726534637, 'reg_lambda': 3.951668553385451, 'n_estimators': 241}. Best is trial 85 with value: 0.5545485915051133.
[I 2026-05-13 09:33:53,914] Trial 91 finished with value: 0.5458403914925654 and parameters: {'learning_rate': 0.05182017171289263, 'num_leaves': 25, 'max_depth': 6, 'min_child_samples': 69, 'subsample': 0.627782787821108, 'colsample_bytree': 0.8475456775977981, 'reg_alpha': 3.2677098891310807, 'reg_lambda': 2.422162370791202, 'n_estimators': 321}. Best is trial 85 with value: 0.5545485915051133.
[I 2026-05-13 09:33:56,818] Trial 92 finished with value: 0.5418909592822636 and parameters: {'learning_rate': 0.09401554234639424, 'num_leaves': 21, 'max_depth': 7, 'min_child_samples': 76, 'subsample': 0.9841604651537741, 'colsample_bytree': 0.6918454922769123, 'reg_alpha': 3.6900332422979183, 'reg_lambda': 1.385352930537227, 'n_estimators': 404}. Best is trial 85 with value: 0.5545485915051133.
[I 2026-05-13 09:33:58,715] Trial 93 finished with value: 0.4295721187025534 and parameters: {'learning_rate': 0.010032663339434488, 'num_leaves': 38, 'max_depth': 4, 'min_child_samples': 88, 'subsample': 0.9550001736619711, 'colsample_bytree': 0.900354126598254, 'reg_alpha': 3.9995404024850534, 'reg_lambda': 2.985392256201528, 'n_estimators': 334}. Best is trial 85 with value: 0.5545485915051133.
[I 2026-05-13 09:34:03,751] Trial 94 finished with value: 0.5458498023715416 and parameters: {'learning_rate': 0.0711207582227179, 'num_leaves': 29, 'max_depth': 5, 'min_child_samples': 66, 'subsample': 0.7685579707305252, 'colsample_bytree': 0.763581807250163, 'reg_alpha': 4.296235049236884, 'reg_lambda': 6.544526655565459, 'n_estimators': 291}. Best is trial 85 with value: 0.5545485915051133.
[I 2026-05-13 09:34:23,527] Trial 95 finished with value: 0.5411067193675889 and parameters: {'learning_rate': 0.08160321566677645, 'num_leaves': 44, 'max_depth': 6, 'min_child_samples': 94, 'subsample': 0.9412332788476042, 'colsample_bytree': 0.9173753277740206, 'reg_alpha': 3.554824731025298, 'reg_lambda': 6.842307183082336, 'n_estimators': 491}. Best is trial 85 with value: 0.5545485915051133.
[I 2026-05-13 09:34:31,552] Trial 96 finished with value: 0.47939958592132503 and parameters: {'learning_rate': 0.011848398201421985, 'num_leaves': 26, 'max_depth': 9, 'min_child_samples': 60, 'subsample': 0.9767992480367389, 'colsample_bytree': 0.9583380071690644, 'reg_alpha': 5.262125206177395, 'reg_lambda': 0.8599619716732445, 'n_estimators': 300}. Best is trial 85 with value: 0.5545485915051133.
[I 2026-05-13 09:34:43,118] Trial 97 finished with value: 0.5450624254972081 and parameters: {'learning_rate': 0.15979341408164618, 'num_leaves': 23, 'max_depth': 12, 'min_child_samples': 10, 'subsample': 0.8924881877292627, 'colsample_bytree': 0.7460575140428284, 'reg_alpha': 2.715745545899752, 'reg_lambda': 7.54576634576217, 'n_estimators': 467}. Best is trial 85 with value: 0.5545485915051133.
[I 2026-05-13 09:34:50,708] Trial 98 finished with value: 0.546646590124851 and parameters: {'learning_rate': 0.18270101794198657, 'num_leaves': 32, 'max_depth': 7, 'min_child_samples': 99, 'subsample': 0.9907737213594974, 'colsample_bytree': 0.8159467175787873, 'reg_alpha': 5.597124153483027, 'reg_lambda': 2.5146064141220172, 'n_estimators': 381}. Best is trial 85 with value: 0.5545485915051133.
[I 2026-05-13 09:35:01,677] Trial 99 finished with value: 0.5426720622372796 and parameters: {'learning_rate': 0.10396937833684469, 'num_leaves': 92, 'max_depth': 8, 'min_child_samples': 13, 'subsample': 0.6974930036136832, 'colsample_bytree': 0.6638364919778018, 'reg_alpha': 4.553775356804511, 'reg_lambda': 7.889236676223695, 'n_estimators': 281}. Best is trial 85 with value: 0.5545485915051133.

[Tuning Complete]
  Best CV Recall: 0.5545
  Best Parameters:
    learning_rate: 0.10592784938208336
    num_leaves: 25
    max_depth: 7
    min_child_samples: 78
    subsample: 0.9680481530757244
    colsample_bytree: 0.9009786130427603
    reg_alpha: 5.080274932399273
    reg_lambda: 7.151531490234143
    n_estimators: 447

[Results Saved] C:\dev\미니 프로젝트3\artifacts\member_b_strategy_3_tuning_results.json

[Testing with best parameters]
  Test Recall: 0.5166
  Test F1: 0.6067
  Test F1-macro: 0.7875
